<?xml version="1.0" encoding="UTF-8"?>
<!-- Generated by org.testng.reporters.JUnitReportReporter -->
<testsuite hostname="DESKTOP-NHA7H0S" failures="0" tests="1" name="main.testCases" time="64.178" errors="0" timestamp="2025-08-29T13:19:11 IDT" skipped="0">
  <testcase classname="main.testCases" name="checkoutEndToEndScenario" time="64.178"/>
</testsuite> <!-- main.testCases -->
